Build started 19/11/2015 21:16:43.
     1>Project "C:\Users\Arthur\Desktop\AULAS PUC\PERIODOS\4º PERIODO\Oficina 4\Rolling3D\WorkSpace\Fisica\Fisica\Fisica.vcxproj" on node 2 (Build target(s)).
     1>ClCompile:
         C:\Program Files (x86)\Microsoft Visual Studio 12.0\VC\bin\CL.exe /c /I"C:\Users\Arthur\Desktop\AULAS PUC\PERIODOS\4º PERIODO\Oficina 4\Rolling3D\WorkSpace\Fisica\Fisica\..\glut\glut-3.7.6-bin" /ZI /nologo /W3 /WX- /sdl /Od /Oy- /D _MBCS /Gm /EHsc /RTC1 /MDd /GS /fp:precise /Zc:wchar_t /Zc:forScope /Fo"Debug\\" /Fd"Debug\vc120.pdb" /Gd /TP /analyze- /errorReport:prompt GameManager.cpp
         GameManager.cpp
     1>c:\users\arthur\desktop\aulas puc\periodos\4º periodo\oficina 4\rolling3d\workspace\fisica\fisica\mesh.h(41): warning C4101: 'r' : unreferenced local variable
     1>c:\users\arthur\desktop\aulas puc\periodos\4º periodo\oficina 4\rolling3d\workspace\fisica\fisica\header.h(54): warning C4005: 'PI' : macro redefinition
                 c:\users\arthur\desktop\aulas puc\periodos\4º periodo\oficina 4\rolling3d\workspace\fisica\fisica\quaternions.h(4) : see previous definition of 'PI'
     1>c:\users\arthur\desktop\aulas puc\periodos\4º periodo\oficina 4\rolling3d\workspace\fisica\fisica\cheats.h(87): warning C4101: 'r' : unreferenced local variable
     1>c:\users\arthur\desktop\aulas puc\periodos\4º periodo\oficina 4\rolling3d\workspace\fisica\fisica\gamemanager.cpp(9): warning C4018: '<' : signed/unsigned mismatch
     1>c:\users\arthur\desktop\aulas puc\periodos\4º periodo\oficina 4\rolling3d\workspace\fisica\fisica\gamemanager.cpp(11): warning C4018: '<' : signed/unsigned mismatch
     1>c:\users\arthur\desktop\aulas puc\periodos\4º periodo\oficina 4\rolling3d\workspace\fisica\fisica\gamemanager.cpp(200): warning C4018: '<' : signed/unsigned mismatch
       Link:
         C:\Program Files (x86)\Microsoft Visual Studio 12.0\VC\bin\link.exe /ERRORREPORT:PROMPT /OUT:"C:\Users\Arthur\Desktop\AULAS PUC\PERIODOS\4º PERIODO\Oficina 4\Rolling3D\WorkSpace\Fisica\Debug\Fisica.exe" /INCREMENTAL /NOLOGO /LIBPATH:"C:\Users\Arthur\Desktop\AULAS PUC\PERIODOS\4º PERIODO\Oficina 4\Rolling3D\WorkSpace\Fisica\Fisica\..\glut\glut-3.7.6-bin" SDL2.lib SDL2main.lib SDL2_image.lib Opengl32.lib GLU32.lib glut32.lib glaux.lib opengl32.lib SDL2_mixer.lib kernel32.lib user32.lib gdi32.lib winspool.lib comdlg32.lib advapi32.lib shell32.lib ole32.lib oleaut32.lib uuid.lib odbc32.lib odbccp32.lib /MANIFEST /MANIFESTUAC:"level='asInvoker' uiAccess='false'" /manifest:embed /DEBUG /PDB:"C:\Users\Arthur\Desktop\AULAS PUC\PERIODOS\4º PERIODO\Oficina 4\Rolling3D\WorkSpace\Fisica\Debug\Fisica.pdb" /SUBSYSTEM:CONSOLE /TLBID:1 /DYNAMICBASE /NXCOMPAT /IMPLIB:"C:\Users\Arthur\Desktop\AULAS PUC\PERIODOS\4º PERIODO\Oficina 4\Rolling3D\WorkSpace\Fisica\Debug\Fisica.lib" /MACHINE:X86 Debug\Bola.obj
         Debug\Camera.obj
         Debug\CameraFps.obj
         "Debug\caçapa.obj"
         Debug\Fisica.obj
         Debug\floating_point.obj
         Debug\GameManager.obj
         Debug\Gerenciador_Bolas.obj
         Debug\Gerenciador_Jogador.obj
         Debug\HUD.obj
         Debug\Jogador.obj
         Debug\Main2.obj
         Debug\Materials.obj
         Debug\MathUtil.obj
         Debug\Matrix.obj
         Debug\Menu.obj
         Debug\Objetos_Complexos.obj
         Debug\Particle.obj
         Debug\Particle_System.obj
         Debug\Quaternions.obj
         Debug\Source1.obj
         Debug\Sprite.obj
         Debug\Superficie.obj
         Debug\Time.obj
         Debug\Vetor3D.obj
         Debug\World.obj
         Fisica.vcxproj -> C:\Users\Arthur\Desktop\AULAS PUC\PERIODOS\4º PERIODO\Oficina 4\Rolling3D\WorkSpace\Fisica\Debug\Fisica.exe
     1>Done Building Project "C:\Users\Arthur\Desktop\AULAS PUC\PERIODOS\4º PERIODO\Oficina 4\Rolling3D\WorkSpace\Fisica\Fisica\Fisica.vcxproj" (Build target(s)).

Build succeeded.

Time Elapsed 00:00:01.48
